\BOOKMARK [1][-]{section*.1}{\376\377\000\277\000Q\000u\000\351\000\040\000h\000e\000m\000o\000s\000\040\000v\000i\000s\000t\000o\000\040\000h\000a\000s\000t\000a\000\040\000a\000h\000o\000r\000a\000?}{}% 1
\BOOKMARK [1][-]{section*.2}{\376\377\000\277\000Q\000u\000\351\000\040\000v\000a\000m\000o\000s\000\040\000a\000\040\000d\000i\000s\000c\000u\000t\000i\000r\000\040\000h\000o\000y\000?}{}% 2
\BOOKMARK [1][-]{section*.3}{\376\377\000R\000e\000p\000a\000s\000o\000:}{}% 3
\BOOKMARK [1][-]{section*.4}{\376\377\000R\000e\000p\000a\000s\000o\000:}{}% 4
\BOOKMARK [1][-]{section*.5}{\376\377\000R\000e\000p\000a\000s\000o\000:}{}% 5
\BOOKMARK [1][-]{section*.6}{\376\377\000R\000e\000p\000a\000s\000o\000:}{}% 6
\BOOKMARK [1][-]{section*.7}{\376\377\000R\000e\000p\000a\000s\000o\000:}{}% 7
\BOOKMARK [1][-]{section*.8}{\376\377\000C\000o\000n\000t\000r\000a\000s\000t\000e\000\040\000d\000e\000\040\000r\000a\000z\000\363\000n\000\040\000d\000e\000\040\000v\000e\000r\000o\000s\000i\000m\000i\000l\000i\000t\000u\000d\000e\000s}{}% 8
\BOOKMARK [1][-]{section*.9}{\376\377\000C\000o\000n\000t\000r\000a\000s\000t\000e\000\040\000d\000e\000\040\000r\000a\000z\000\363\000n\000\040\000d\000e\000\040\000v\000e\000r\000o\000s\000i\000m\000i\000l\000i\000t\000u\000d\000e\000s}{}% 9
\BOOKMARK [1][-]{section*.10}{\376\377\000C\000o\000n\000t\000r\000a\000s\000t\000e\000\040\000d\000e\000\040\000r\000a\000z\000\363\000n\000\040\000d\000e\000\040\000v\000e\000r\000o\000s\000i\000m\000i\000l\000i\000t\000u\000d\000e\000s}{}% 10
\BOOKMARK [1][-]{section*.11}{\376\377\000C\000o\000n\000t\000r\000a\000s\000t\000e\000\040\000d\000e\000\040\000r\000a\000z\000\363\000n\000\040\000d\000e\000\040\000v\000e\000r\000o\000s\000i\000m\000i\000l\000i\000t\000u\000d\000e\000s}{}% 11
\BOOKMARK [1][-]{section*.12}{\376\377\000C\000o\000n\000t\000r\000a\000s\000t\000e\000\040\000d\000e\000\040\000r\000a\000z\000\363\000n\000\040\000d\000e\000\040\000v\000e\000r\000o\000s\000i\000m\000i\000l\000i\000t\000u\000d\000e\000s}{}% 12
\BOOKMARK [1][-]{section*.13}{\376\377\000C\000o\000n\000t\000r\000a\000s\000t\000e\000\040\000d\000e\000\040\000r\000a\000z\000\363\000n\000\040\000d\000e\000\040\000v\000e\000r\000o\000s\000i\000m\000i\000l\000i\000t\000u\000d\000e\000s}{}% 13
\BOOKMARK [1][-]{section*.14}{\376\377\000C\000o\000n\000t\000r\000a\000s\000t\000e\000\040\000d\000e\000\040\000r\000a\000z\000\363\000n\000\040\000d\000e\000\040\000v\000e\000r\000o\000s\000i\000m\000i\000l\000i\000t\000u\000d\000e\000s}{}% 14
\BOOKMARK [1][-]{section*.15}{\376\377\000C\000o\000n\000t\000r\000a\000s\000t\000e\000\040\000d\000e\000\040\000r\000a\000z\000\363\000n\000\040\000d\000e\000\040\000v\000e\000r\000o\000s\000i\000m\000i\000l\000i\000t\000u\000d\000e\000s}{}% 15
\BOOKMARK [1][-]{section*.16}{\376\377\000C\000o\000n\000t\000r\000a\000s\000t\000e\000\040\000d\000e\000\040\000r\000a\000z\000\363\000n\000\040\000d\000e\000\040\000v\000e\000r\000o\000s\000i\000m\000i\000l\000i\000t\000u\000d\000e\000s}{}% 16
\BOOKMARK [1][-]{section*.17}{\376\377\000C\000o\000n\000t\000r\000a\000s\000t\000e\000\040\000d\000e\000\040\000r\000a\000z\000\363\000n\000\040\000d\000e\000\040\000v\000e\000r\000o\000s\000i\000m\000i\000l\000i\000t\000u\000d\000e\000s}{}% 17
\BOOKMARK [1][-]{section*.18}{\376\377\000C\000o\000n\000t\000r\000a\000s\000t\000e\000\040\000d\000e\000\040\000r\000a\000z\000\363\000n\000\040\000d\000e\000\040\000v\000e\000r\000o\000s\000i\000m\000i\000l\000i\000t\000u\000d\000e\000s}{}% 18
\BOOKMARK [1][-]{section*.19}{\376\377\000C\000o\000n\000t\000r\000a\000s\000t\000e\000\040\000d\000e\000\040\000r\000a\000z\000\363\000n\000\040\000d\000e\000\040\000v\000e\000r\000o\000s\000i\000m\000i\000l\000i\000t\000u\000d\000e\000s}{}% 19
\BOOKMARK [1][-]{section*.20}{\376\377\000C\000o\000n\000t\000r\000a\000s\000t\000e\000\040\000d\000e\000\040\000r\000a\000z\000\363\000n\000\040\000d\000e\000\040\000v\000e\000r\000o\000s\000i\000m\000i\000l\000i\000t\000u\000d\000e\000s}{}% 20
\BOOKMARK [1][-]{section*.21}{\376\377\000C\000o\000n\000t\000r\000a\000s\000t\000e\000\040\000d\000e\000\040\000r\000a\000z\000\363\000n\000\040\000d\000e\000\040\000v\000e\000r\000o\000s\000i\000m\000i\000l\000i\000t\000u\000d\000e\000s}{}% 21
\BOOKMARK [1][-]{section*.22}{\376\377\000C\000o\000n\000t\000r\000a\000s\000t\000e\000\040\000d\000e\000\040\000r\000a\000z\000\363\000n\000\040\000d\000e\000\040\000v\000e\000r\000o\000s\000i\000m\000i\000l\000i\000t\000u\000d\000e\000s}{}% 22
\BOOKMARK [1][-]{section*.23}{\376\377\000C\000o\000n\000t\000r\000a\000s\000t\000e\000\040\000d\000e\000\040\000r\000a\000z\000\363\000n\000\040\000d\000e\000\040\000v\000e\000r\000o\000s\000i\000m\000i\000l\000i\000t\000u\000d\000e\000s}{}% 23
\BOOKMARK [1][-]{section*.24}{\376\377\000C\000o\000n\000t\000r\000a\000s\000t\000e\000\040\000d\000e\000\040\000r\000a\000z\000\363\000n\000\040\000d\000e\000\040\000v\000e\000r\000o\000s\000i\000m\000i\000l\000i\000t\000u\000d\000e\000s}{}% 24
\BOOKMARK [1][-]{section*.25}{\376\377\000C\000o\000n\000t\000r\000a\000s\000t\000e\000\040\000d\000e\000\040\000r\000a\000z\000\363\000n\000\040\000d\000e\000\040\000v\000e\000r\000o\000s\000i\000m\000i\000l\000i\000t\000u\000d\000e\000s}{}% 25
\BOOKMARK [1][-]{section*.26}{\376\377\000C\000o\000n\000t\000r\000a\000s\000t\000e\000\040\000d\000e\000\040\000r\000a\000z\000\363\000n\000\040\000d\000e\000\040\000v\000e\000r\000o\000s\000i\000m\000i\000l\000i\000t\000u\000d\000e\000s}{}% 26
\BOOKMARK [1][-]{section*.27}{\376\377\000C\000o\000n\000t\000r\000a\000s\000t\000e\000\040\000d\000e\000\040\000r\000a\000z\000\363\000n\000\040\000d\000e\000\040\000v\000e\000r\000o\000s\000i\000m\000i\000l\000i\000t\000u\000d\000e\000s}{}% 27
\BOOKMARK [1][-]{section*.28}{\376\377\000C\000o\000n\000t\000r\000a\000s\000t\000e\000\040\000d\000e\000\040\000r\000a\000z\000\363\000n\000\040\000d\000e\000\040\000v\000e\000r\000o\000s\000i\000m\000i\000l\000i\000t\000u\000d\000e\000s}{}% 28
\BOOKMARK [1][-]{section*.29}{\376\377\000C\000o\000n\000t\000r\000a\000s\000t\000e\000\040\000d\000e\000\040\000r\000a\000z\000\363\000n\000\040\000d\000e\000\040\000v\000e\000r\000o\000s\000i\000m\000i\000l\000i\000t\000u\000d\000e\000s}{}% 29
\BOOKMARK [1][-]{section*.30}{\376\377\000C\000o\000n\000t\000r\000a\000s\000t\000e\000\040\000d\000e\000\040\000r\000a\000z\000\363\000n\000\040\000d\000e\000\040\000v\000e\000r\000o\000s\000i\000m\000i\000l\000i\000t\000u\000d\000e\000s}{}% 30
\BOOKMARK [1][-]{section*.31}{\376\377\000C\000o\000n\000t\000r\000a\000s\000t\000e\000\040\000d\000e\000\040\000r\000a\000z\000\363\000n\000\040\000d\000e\000\040\000v\000e\000r\000o\000s\000i\000m\000i\000l\000i\000t\000u\000d\000e\000s}{}% 31
\BOOKMARK [1][-]{section*.32}{\376\377\000\277\000Q\000u\000\351\000\040\000d\000i\000s\000c\000u\000t\000i\000m\000o\000s\000\040\000h\000o\000y\000?}{}% 32
